gtalign 0.19.00                            Thu Mar 12 18:51:28 2026

Margelevicius, M. GTalign: spatial index-driven protein structure alignment, superposition, and search.
Nat Commun 15, 7305 (2024).


 Command line:
gtalign --qrs=data/Mycgen --rfs=data/CP014940 -o results/gtalign --speed=13 --pre-score=0.5 -s 0

 Query (397 residues):
data/Mycgen/WP_009885597_esmfold_v1.pdb Chn:A

 Searched:
data/CP014940
             221 structure(s)
             44523 total residues

 Legend:
TM-score (Refn./Query), Reference/Query length-normalized TM-score
2TM-score, secondary TM-score excluding unmatched helices
d0 (Refn./Query), Normalizing inter-residue distance d0 for Reference/Query
RMSD, Root-mean-square deviation (A); Chn, Chain; (M), Model
+, pairs of aligned residues within a distance of 5 A
Secondary structure: h, Helix; e, Strand; t, Turn


                             Query_length-normalized_TM-score| RMSD|Reference_alignment_boundaries|
                  Reference_length-normalized_TM-score|    Query_alignment_boundaries|
   No.|                   Reference_description|        #Aligned_residues|             Reference_length|

     1 ...P014940/XAJ73652_esmfold_v1.pdb Chn:A 0.4984 0.0952  2.47    42   114-161       2-46       58



1.           
>data/CP014940/XAJ73652_esmfold_v1.pdb Chn:A
  Length: Refn. = 58, Query = 397

 TM-score (Refn./Query) = 0.49837 / 0.09521, d0 (Refn./Query) = 2.54 / 7.20,  RMSD = 2.47 A
 Identities = 5/51 (9%), Matched = 41/51 (80%), Gaps = 9/51 (17%)

struct       hhh hhhhhhhhhhhhhhhhh      thhhhhhhhhhhhhhhhhhhhhhh
Query:   114 LLN-AGIIIFGMIGTFVVVYFYKW--NATVNGIWTLSFTLSVVLLWIIYIA 161  
                 +++++FG+++++++++  ++  +++V+++++++++L++++L+++  +
Refn.:     2 D--IDPYKEFGATVELLSFL--PSDFFPSVRDLLDTASALYREALESP--E 46   
struct            thhhhhhhhhhhh     thh  hhhhhhhhhhhhhhhhhh    h

 Rotation [3,3] and translation [3,1] for Query:
    0.030470   0.986561  -0.160523        -10.771875
   -0.562911   0.149646   0.812858         17.255671
    0.825956   0.065592   0.559906         -0.376167



Query length: 397
Total length of reference structures: 44523
Search space: 17675631
Time elapsed from process initiation: 18.270890 sec
Query batch execution time: 3.727514 sec
Query batch size: 2
Device: "n/a"

