gtalign 0.19.00                            Thu Mar 12 18:57:51 2026

Margelevicius, M. GTalign: spatial index-driven protein structure alignment, superposition, and search.
Nat Commun 15, 7305 (2024).


 Command line:
gtalign --qrs=data/Mycgen --rfs=data/CP014940 -o results/gtalign --speed=13 --pre-score=0.5 -s 0

 Query (161 residues):
data/Mycgen/WP_009885993_esmfold_v1.pdb Chn:A

 Searched:
data/CP014940
             221 structure(s)
             44523 total residues

 Legend:
TM-score (Refn./Query), Reference/Query length-normalized TM-score
2TM-score, secondary TM-score excluding unmatched helices
d0 (Refn./Query), Normalizing inter-residue distance d0 for Reference/Query
RMSD, Root-mean-square deviation (A); Chn, Chain; (M), Model
+, pairs of aligned residues within a distance of 5 A
Secondary structure: h, Helix; e, Strand; t, Turn


                             Query_length-normalized_TM-score| RMSD|Reference_alignment_boundaries|
                  Reference_length-normalized_TM-score|    Query_alignment_boundaries|
   No.|                   Reference_description|        #Aligned_residues|             Reference_length|

     1 ...P014940/XAJ73652_esmfold_v1.pdb Chn:A 0.5189 0.2271  2.01    42    25-70        4-46       58



1.           
>data/CP014940/XAJ73652_esmfold_v1.pdb Chn:A
  Length: Refn. = 58, Query = 161

 TM-score (Refn./Query) = 0.51893 / 0.22713, d0 (Refn./Query) = 2.54 / 4.73,  RMSD = 2.01 A
 Identities = 2/47 (4%), Matched = 41/47 (87%), Gaps = 5/47 (10%)

struct       hhhhhhhhhhhhhhhht   h    hhhhhhhhhhhhhhhhhhhhhh
Query:    25 QVKRPEIIRLLQEARDQGDLSEN-ADYDAAKAQQGEIETRIAEIQDI 70   
             ++ ++E+++++++++++ +++ + +++D++++++++++++++++  +
Refn.:     4 DP-YKEFGATVELLSFL-PSDFFPSVRDLLDTASALYREALESP--E 46   
struct        t hhhhhhhhhhhh    thh  hhhhhhhhhhhhhhhhhh    h

 Rotation [3,3] and translation [3,1] for Query:
    0.298675   0.878952  -0.371801          4.939866
   -0.525996   0.476680   0.704347          0.229535
    0.796317  -0.014805   0.604698         34.182217



Query length: 161
Total length of reference structures: 44523
Search space: 7168203
Time elapsed from process initiation: 401.114320 sec
Query batch execution time: 1.405288 sec
Query batch size: 2
Device: "n/a"

