gtalign 0.19.00                            Thu Mar 12 18:52:43 2026

Margelevicius, M. GTalign: spatial index-driven protein structure alignment, superposition, and search.
Nat Commun 15, 7305 (2024).


 Command line:
gtalign --qrs=data/Mycgen --rfs=data/CP014940 -o results/gtalign --speed=13 --pre-score=0.5 -s 0

 Query (340 residues):
data/Mycgen/WP_009885766_esmfold_v1.pdb Chn:A

 Searched:
data/CP014940
             221 structure(s)
             44523 total residues

 Legend:
TM-score (Refn./Query), Reference/Query length-normalized TM-score
2TM-score, secondary TM-score excluding unmatched helices
d0 (Refn./Query), Normalizing inter-residue distance d0 for Reference/Query
RMSD, Root-mean-square deviation (A); Chn, Chain; (M), Model
+, pairs of aligned residues within a distance of 5 A
Secondary structure: h, Helix; e, Strand; t, Turn


                             Query_length-normalized_TM-score| RMSD|Reference_alignment_boundaries|
                  Reference_length-normalized_TM-score|    Query_alignment_boundaries|
   No.|                   Reference_description|        #Aligned_residues|             Reference_length|

     1 ...P014940/XAJ73652_esmfold_v1.pdb Chn:A 0.5523 0.1193  2.12    44   154-220       1-45       58



1.           
>data/CP014940/XAJ73652_esmfold_v1.pdb Chn:A
  Length: Refn. = 58, Query = 340

 TM-score (Refn./Query) = 0.55233 / 0.11928, d0 (Refn./Query) = 2.54 / 6.73,  RMSD = 2.12 A
 Identities = 5/68 (7%), Matched = 43/68 (63%), Gaps = 24/68 (35%)

struct       hhhhhhhhhh     hhhhhhhhhhhhtt hhhhhhhhhhhhht    hhhhhhhhhhhhhhhhhhhh
Query:   154 KRAKALIPYYTGNDPLKSKVAAALMPGFL-LYGGFYLPFYLSSRKQLPNTSDIIRLILRDKVIHNYYS 220  
             +++                     +  ++ ++++++L+++L+S +++P+++D++++++++++++++++
Refn.:     1 MDI-D-------------------P--YKEFGATVELLSFLPS-DFFPSVRDLLDTASALYREALESP 45   
struct                               t  hhhhhhhhhhhh   t hh  hhhhhhhhhhhhhhhhhh  

 Rotation [3,3] and translation [3,1] for Query:
   -0.407268   0.871502  -0.273162          3.559620
    0.814743   0.211531  -0.539859          2.975947
   -0.412705  -0.442424  -0.796200          2.360814



Query length: 340
Total length of reference structures: 44523
Search space: 15137820
Time elapsed from process initiation: 92.903705 sec
Query batch execution time: 2.657509 sec
Query batch size: 2
Device: "n/a"

