gtalign 0.19.00                            Thu Mar 12 18:58:43 2026

Margelevicius, M. GTalign: spatial index-driven protein structure alignment, superposition, and search.
Nat Commun 15, 7305 (2024).


 Command line:
gtalign --qrs=data/Mycgen --rfs=data/CP014940 -o results/gtalign --speed=13 --pre-score=0.5 -s 0

 Query (121 residues):
data/Mycgen/WP_009885568_esmfold_v1.pdb Chn:A

 Searched:
data/CP014940
             221 structure(s)
             44523 total residues

 Legend:
TM-score (Refn./Query), Reference/Query length-normalized TM-score
2TM-score, secondary TM-score excluding unmatched helices
d0 (Refn./Query), Normalizing inter-residue distance d0 for Reference/Query
RMSD, Root-mean-square deviation (A); Chn, Chain; (M), Model
+, pairs of aligned residues within a distance of 5 A
Secondary structure: h, Helix; e, Strand; t, Turn


                             Query_length-normalized_TM-score| RMSD|Reference_alignment_boundaries|
                  Reference_length-normalized_TM-score|    Query_alignment_boundaries|
   No.|                   Reference_description|        #Aligned_residues|             Reference_length|

     1 ...P014940/XAJ73652_esmfold_v1.pdb Chn:A 0.4524 0.2718  3.56    47    21-112       1-58       58



1.           
>data/CP014940/XAJ73652_esmfold_v1.pdb Chn:A
  Length: Refn. = 58, Query = 121

 TM-score (Refn./Query) = 0.45241 / 0.27178, d0 (Refn./Query) = 2.54 / 4.07,  RMSD = 3.56 A
 Matched = 36/103 (34%), Gaps = 56/103 (54%)

struct          eee tt eeeeee     ee eeeee   thh         thhhhhhhhhhhhhhhh  h     eeeeee t  h
Query:    21 SKTRFFGTFINAYFIKNNHSTWR-VAISIA--KTKYK------LAVQRNLIKRQIRSIFQQISNNLEPWDILVIVNKGFI 91   
             +++         ++           + +               +++++++++++++++++++++                
Refn.:     1 MDID--------PYK--------EFGATV-ELL----SFLPSDFFPSVRDLLDTASALYREALESP-------------- 45   
struct                   thh        hhhhhh hhh    h   thh  hhhhhhhhhhhhhhhhhh                

struct          thhh  hhhhhhhhhhhhhh
Query:    92 ELTFKEK--QKLFLQLLKRIKEV 112  
                           + +++++++
Refn.:    46 -------EHCS--PH-HTALRQA 58   
struct              h     th hhhhh  

 Rotation [3,3] and translation [3,1] for Query:
   -0.650230  -0.031284   0.759093          3.931896
    0.711754  -0.374538   0.594245          0.953550
    0.265719   0.926683   0.265803          0.034426



Query length: 121
Total length of reference structures: 44523
Search space: 5387283
Time elapsed from process initiation: 453.171610 sec
Query batch execution time: 2.472799 sec
Query batch size: 2
Device: "n/a"

