gtalign 0.19.00                            Thu Mar 12 18:54:15 2026

Margelevicius, M. GTalign: spatial index-driven protein structure alignment, superposition, and search.
Nat Commun 15, 7305 (2024).


 Command line:
gtalign --qrs=data/Mycgen --rfs=data/CP014940 -o results/gtalign --speed=13 --pre-score=0.5 -s 0

 Query (306 residues):
data/Mycgen/WP_009885677_esmfold_v1.pdb Chn:A

 Searched:
data/CP014940
             221 structure(s)
             44523 total residues

 Legend:
TM-score (Refn./Query), Reference/Query length-normalized TM-score
2TM-score, secondary TM-score excluding unmatched helices
d0 (Refn./Query), Normalizing inter-residue distance d0 for Reference/Query
RMSD, Root-mean-square deviation (A); Chn, Chain; (M), Model
+, pairs of aligned residues within a distance of 5 A
Secondary structure: h, Helix; e, Strand; t, Turn


                             Query_length-normalized_TM-score| RMSD|Reference_alignment_boundaries|
                  Reference_length-normalized_TM-score|    Query_alignment_boundaries|
   No.|                   Reference_description|        #Aligned_residues|             Reference_length|

     1 ...P014940/XAJ73652_esmfold_v1.pdb Chn:A 0.4745 0.1202  2.94    43   153-208       2-46       58



1.           
>data/CP014940/XAJ73652_esmfold_v1.pdb Chn:A
  Length: Refn. = 58, Query = 306

 TM-score (Refn./Query) = 0.47445 / 0.12016, d0 (Refn./Query) = 2.54 / 6.42,  RMSD = 2.94 A
 Identities = 2/58 (3%), Matched = 39/58 (67%), Gaps = 15/58 (25%)

struct       hhh hhhhhhhh  thhhhhhhhhh  hhhhht     hhhhhhhhhhhhhhhhhhhh
Query:   153 LLI-GFVWYLMSFTKTGLRYRAVGENPNVIDTQG-ISVYKYQWIGAICSMMVAGLSGS 208  
                 ++++ ++     ++ ++++ ++  ++D+ +  +++++++++A+++++++++  +
Refn.:     2 D--IDPYK-EFG----AT-VELL-SFL-PSDF-FPSVRDLLDTASALYREALESP--E 46   
struct            thh hhh    hh hhhh h    thh   hhhhhhhhhhhhhhhhhh    h

 Rotation [3,3] and translation [3,1] for Query:
   -0.961361  -0.240575   0.133824         -5.271915
   -0.274934   0.814282  -0.511230          7.367347
    0.014019  -0.528269  -0.848961         10.794694



Query length: 306
Total length of reference structures: 44523
Search space: 13624038
Time elapsed from process initiation: 185.522734 sec
Query batch execution time: 4.413503 sec
Query batch size: 2
Device: "n/a"

