gtalign 0.19.00                            Thu Mar 12 18:57:03 2026

Margelevicius, M. GTalign: spatial index-driven protein structure alignment, superposition, and search.
Nat Commun 15, 7305 (2024).


 Command line:
gtalign --qrs=data/Mycgen --rfs=data/CP014940 -o results/gtalign --speed=13 --pre-score=0.5 -s 0

 Query (200 residues):
data/Mycgen/WP_009885843_esmfold_v1.pdb Chn:A

 Searched:
data/CP014940
             221 structure(s)
             44523 total residues

 Legend:
TM-score (Refn./Query), Reference/Query length-normalized TM-score
2TM-score, secondary TM-score excluding unmatched helices
d0 (Refn./Query), Normalizing inter-residue distance d0 for Reference/Query
RMSD, Root-mean-square deviation (A); Chn, Chain; (M), Model
+, pairs of aligned residues within a distance of 5 A
Secondary structure: h, Helix; e, Strand; t, Turn


                             Query_length-normalized_TM-score| RMSD|Reference_alignment_boundaries|
                  Reference_length-normalized_TM-score|    Query_alignment_boundaries|
   No.|                   Reference_description|        #Aligned_residues|             Reference_length|

     1 ...P014940/XAJ73652_esmfold_v1.pdb Chn:A 0.4536 0.1724  2.59    41    13-57        2-45       58



1.           
>data/CP014940/XAJ73652_esmfold_v1.pdb Chn:A
  Length: Refn. = 58, Query = 200

 TM-score (Refn./Query) = 0.45361 / 0.17244, d0 (Refn./Query) = 2.54 / 5.27,  RMSD = 2.59 A
 Identities = 4/48 (8%), Matched = 38/48 (79%), Gaps = 7/48 (14%)

struct       hhhhhhhhhhhhhhhhhhhhhht       hhhhhhhhhhh hhhh h
Query:    13 EELVKLVIKLKGELLEYRFKLAHGELDK-PHLIAKVRKLLA-VVLT-I 57   
                 ++++++++++++++F++  +++++ ++L++++++L++ + L+ +
Refn.:     2 DI--DPYKEFGATVELLSFLPS-DFFPSVRDLLDTASALYREA-LESP 45   
struct            thhhhhhhhhhhh   t hh  hhhhhhhhhhhhhhhh hh  

 Rotation [3,3] and translation [3,1] for Query:
   -0.538134  -0.669594   0.511913          3.060484
   -0.785052   0.177140  -0.593560         16.455111
    0.306764  -0.721294  -0.620992          9.766960



Query length: 200
Total length of reference structures: 44523
Search space: 8904600
Time elapsed from process initiation: 353.220022 sec
Query batch execution time: 1.478250 sec
Query batch size: 2
Device: "n/a"

