gtalign 0.19.00                            Thu Mar 12 18:53:38 2026

Margelevicius, M. GTalign: spatial index-driven protein structure alignment, superposition, and search.
Nat Commun 15, 7305 (2024).


 Command line:
gtalign --qrs=data/Mycgen --rfs=data/CP014940 -o results/gtalign --speed=13 --pre-score=0.5 -s 0

 Query (297 residues):
data/Mycgen/WP_010869310_esmfold_v1.pdb Chn:A

 Searched:
data/CP014940
             221 structure(s)
             44523 total residues

 Legend:
TM-score (Refn./Query), Reference/Query length-normalized TM-score
2TM-score, secondary TM-score excluding unmatched helices
d0 (Refn./Query), Normalizing inter-residue distance d0 for Reference/Query
RMSD, Root-mean-square deviation (A); Chn, Chain; (M), Model
+, pairs of aligned residues within a distance of 5 A
Secondary structure: h, Helix; e, Strand; t, Turn


                             Query_length-normalized_TM-score| RMSD|Reference_alignment_boundaries|
                  Reference_length-normalized_TM-score|    Query_alignment_boundaries|
   No.|                   Reference_description|        #Aligned_residues|             Reference_length|

     1 ...P014940/XAJ73652_esmfold_v1.pdb Chn:A 0.5047 0.1442  2.77    50   211-266       1-51       58



1.           
>data/CP014940/XAJ73652_esmfold_v1.pdb Chn:A
  Length: Refn. = 58, Query = 297

 TM-score (Refn./Query) = 0.50468 / 0.14418, d0 (Refn./Query) = 2.54 / 6.33,  RMSD = 2.77 A
 Identities = 4/57 (7%), Matched = 47/57 (82%), Gaps = 7/57 (12%)

struct         th     thhhhhhhhhhhhhhh t   hhhhhhhhhhhhhhhhhtt  e    h
Query:   211 GNSMSIPWHSSRFDIEVQICKDLIE-NNAQEIALVHLLRLKFRNLVDDKKIKFTVKR 266  
             +   +I+++ ++F+++V+++++L +  +++++++++++++++++++ ++++++++  
Refn.:     1 M---DIDPY-KEFGATVELLSFL-PSDFFPSVRDLLDTASALYREA-LESPEHCSPH 51   
struct              th hhhhhhhhhhh    thh  hhhhhhhhhhhhhhhh hh  h   th

 Rotation [3,3] and translation [3,1] for Query:
    0.689078  -0.271159   0.672044         14.798775
   -0.640741  -0.661211   0.390193         -3.453344
    0.338558  -0.699480  -0.629369        -13.322659



Query length: 297
Total length of reference structures: 44523
Search space: 13223331
Time elapsed from process initiation: 147.951313 sec
Query batch execution time: 2.292926 sec
Query batch size: 2
Device: "n/a"

