gtalign 0.19.00                            Thu Mar 12 18:53:00 2026

Margelevicius, M. GTalign: spatial index-driven protein structure alignment, superposition, and search.
Nat Commun 15, 7305 (2024).


 Command line:
gtalign --qrs=data/Mycgen --rfs=data/CP014940 -o results/gtalign --speed=13 --pre-score=0.5 -s 0

 Query (310 residues):
data/Mycgen/WP_009885561_esmfold_v1.pdb Chn:A

 Searched:
data/CP014940
             221 structure(s)
             44523 total residues

 Legend:
TM-score (Refn./Query), Reference/Query length-normalized TM-score
2TM-score, secondary TM-score excluding unmatched helices
d0 (Refn./Query), Normalizing inter-residue distance d0 for Reference/Query
RMSD, Root-mean-square deviation (A); Chn, Chain; (M), Model
+, pairs of aligned residues within a distance of 5 A
Secondary structure: h, Helix; e, Strand; t, Turn


                             Query_length-normalized_TM-score| RMSD|Reference_alignment_boundaries|
                  Reference_length-normalized_TM-score|    Query_alignment_boundaries|
   No.|                   Reference_description|        #Aligned_residues|             Reference_length|

     1 ...P014940/XAJ73652_esmfold_v1.pdb Chn:A 0.4208 0.1225  2.85    45    16-64        4-51       58



1.           
>data/CP014940/XAJ73652_esmfold_v1.pdb Chn:A
  Length: Refn. = 58, Query = 310

 TM-score (Refn./Query) = 0.42085 / 0.12248, d0 (Refn./Query) = 2.54 / 6.45,  RMSD = 2.85 A
 Identities = 2/52 (3%), Matched = 43/52 (82%), Gaps = 7/52 (13%)

struct       hhhhhhhhhhhhh  thh   h  hhhhhhhhhhhhhh   thhhhhhhhhh
Query:    16 KEIKIAYKRLAKRYHPDVN-KLGSQTFVEINNAYSILS--DPNQKEKYDSML 64   
              ++ +++++++++++ +++ ++++++++++++A+++++  +++ +E++++  
Refn.:     4 DPY-KEFGATVELLS-FLPSDFFPSVRDLLDTASALYREALES-PEHCSP-H 51   
struct        th hhhhhhhhhhh    thh  hhhhhhhhhhhhhhhhhh   h   t h

 Rotation [3,3] and translation [3,1] for Query:
    0.765844  -0.623312   0.158002          8.234875
    0.253797   0.067237  -0.964918        -17.285400
    0.590821   0.779077   0.209688         25.824497



Query length: 310
Total length of reference structures: 44523
Search space: 13802130
Time elapsed from process initiation: 109.739452 sec
Query batch execution time: 2.836644 sec
Query batch size: 2
Device: "n/a"

