gtalign 0.19.00                            Thu Mar 12 18:52:01 2026

Margelevicius, M. GTalign: spatial index-driven protein structure alignment, superposition, and search.
Nat Commun 15, 7305 (2024).


 Command line:
gtalign --qrs=data/Mycgen --rfs=data/CP014940 -o results/gtalign --speed=13 --pre-score=0.5 -s 0

 Query (365 residues):
data/Mycgen/WP_010869396_esmfold_v1.pdb Chn:A

 Searched:
data/CP014940
             221 structure(s)
             44523 total residues

 Legend:
TM-score (Refn./Query), Reference/Query length-normalized TM-score
2TM-score, secondary TM-score excluding unmatched helices
d0 (Refn./Query), Normalizing inter-residue distance d0 for Reference/Query
RMSD, Root-mean-square deviation (A); Chn, Chain; (M), Model
+, pairs of aligned residues within a distance of 5 A
Secondary structure: h, Helix; e, Strand; t, Turn


                             Query_length-normalized_TM-score| RMSD|Reference_alignment_boundaries|
                  Reference_length-normalized_TM-score|    Query_alignment_boundaries|
   No.|                   Reference_description|        #Aligned_residues|             Reference_length|

     1 ...P014940/XAJ73652_esmfold_v1.pdb Chn:A 0.4886 0.1045  2.33    42   160-206       4-46       58



1.           
>data/CP014940/XAJ73652_esmfold_v1.pdb Chn:A
  Length: Refn. = 58, Query = 365

 TM-score (Refn./Query) = 0.48859 / 0.10454, d0 (Refn./Query) = 2.54 / 6.94,  RMSD = 2.33 A
 Identities = 3/48 (6%), Matched = 41/48 (85%), Gaps = 6/48 (12%)

struct       hhhhhhhhhhhhhhhh        thhhhhhhhhhhhhhhhhhhhhhh
Query:   160 TTLGTPVFSLTIAQQDGIK-QNAGNDVFIFLIIFSVFSISLGLVSSLI 206  
             ++ ++++++++++++ +++  + +++V+++L+++S++++++++++  +
Refn.:     4 DP-YKEFGATVELLS-FLPSDF-FPSVRDLLDTASALYREALESP--E 46   
struct        t hhhhhhhhhhhh    thh   hhhhhhhhhhhhhhhhhh    h

 Rotation [3,3] and translation [3,1] for Query:
   -0.437383  -0.439901   0.784336         -4.712223
    0.877313  -0.400309   0.264716          9.973265
    0.197528   0.803891   0.561019         42.461948



Query length: 365
Total length of reference structures: 44523
Search space: 16250895
Time elapsed from process initiation: 51.108518 sec
Query batch execution time: 2.779063 sec
Query batch size: 2
Device: "n/a"

