gtalign 0.19.00                            Thu Mar 12 18:57:50 2026

Margelevicius, M. GTalign: spatial index-driven protein structure alignment, superposition, and search.
Nat Commun 15, 7305 (2024).


 Command line:
gtalign --qrs=data/Mycgen --rfs=data/CP014940 -o results/gtalign --speed=13 --pre-score=0.5 -s 0

 Query (154 residues):
data/Mycgen/WP_010869357_esmfold_v1.pdb Chn:A

 Searched:
data/CP014940
             221 structure(s)
             44523 total residues

 Legend:
TM-score (Refn./Query), Reference/Query length-normalized TM-score
2TM-score, secondary TM-score excluding unmatched helices
d0 (Refn./Query), Normalizing inter-residue distance d0 for Reference/Query
RMSD, Root-mean-square deviation (A); Chn, Chain; (M), Model
+, pairs of aligned residues within a distance of 5 A
Secondary structure: h, Helix; e, Strand; t, Turn


                             Query_length-normalized_TM-score| RMSD|Reference_alignment_boundaries|
                  Reference_length-normalized_TM-score|    Query_alignment_boundaries|
   No.|                   Reference_description|        #Aligned_residues|             Reference_length|

     1 ...P014940/XAJ73652_esmfold_v1.pdb Chn:A 0.4585 0.2164  2.55    41    56-101       2-46       58



1.           
>data/CP014940/XAJ73652_esmfold_v1.pdb Chn:A
  Length: Refn. = 58, Query = 154

 TM-score (Refn./Query) = 0.45847 / 0.21640, d0 (Refn./Query) = 2.54 / 4.62,  RMSD = 2.55 A
 Identities = 3/50 (6%), Matched = 38/50 (76%), Gaps = 9/50 (18%)

struct       hhh hhhhhhhhhhhhhh hht     thhhhhhhhhhhhhhhhhhhhhh
Query:    56 ITN-LIFFFAAFVALLIY-LLAS--VDNQFAFVFIAAIIFIIFYNIFFLS 101  
                 +++++++++++L + +l +  +++++++++++A+++++++++++  
Refn.:     2 D--IDPYKEFGATVEL-LSFL-PSDFFPSVRDLLDTASALYREALESP-E 46   
struct            thhhhhhhhhh hh    thh  hhhhhhhhhhhhhhhhhh   h

 Rotation [3,3] and translation [3,1] for Query:
    0.921970   0.181508  -0.342091          8.182006
   -0.227747   0.968584  -0.099884         11.379702
    0.313214   0.170001   0.934343         20.702198



Query length: 154
Total length of reference structures: 44523
Search space: 6856542
Time elapsed from process initiation: 399.701188 sec
Query batch execution time: 1.474933 sec
Query batch size: 2
Device: "n/a"

